生成启动时间为 2019/7/31 9:14:42。
     1>项目“C:\Users\LPW\Desktop\gperftools-master1\gperftools-master\vsprojects\libtcmalloc_minimal\libtcmalloc_minimal.vcxproj”在节点 2 上(Build 个目标)。
     1>InitializeBuildStatus:
         正在对“x64\Debug\libtcmal.55E2B3AE.tlog\unsuccessfulbuild”执行 Touch 任务。
       ClCompile:
         所有输出均为最新。
         D:\Microsoft Visual Studio 12.0\VC\bin\amd64\CL.exe /c /I"D:\Program Files (x86)\Visual Leak Detector\include" /Zi /nologo /W3 /WX- /Od /D _DEBUG /D _WINDLL /D _UNICODE /D UNICODE /Gm /EHsc /RTC1 /MDd /GS /fp:precise /Zc:wchar_t /Zc:forScope /Fo"x64\Debug\\" /Fd"x64\Debug\vc120.pdb" /Gd /TP /errorReport:prompt ..\..\src\sampler.cc ..\..\src\static_vars.cc ..\..\src\thread_cache.cc ..\..\src\windows\patch_functions.cc
         patch_functions.cc
     1>c:\users\lpw\desktop\gperftools-master1\gperftools-master\src\stack_trace_table.h(80): warning C4251: “tcmalloc::StackTraceTable::allocator_”: class“tcmalloc::STLPageHeapAllocator<tcmalloc::StackTraceTable::Entry,void>”需要有 dll 接口由 class“tcmalloc::StackTraceTable”的客户端使用
     1>C:\Users\LPW\Desktop\gperftools-master1\gperftools-master\src\tcmalloc.cc(1356): warning C4141: “inline”: 使用了多次
     1>C:\Users\LPW\Desktop\gperftools-master1\gperftools-master\src\tcmalloc.cc(1386): warning C4141: “inline”: 使用了多次
     1>C:\Users\LPW\Desktop\gperftools-master1\gperftools-master\src\tcmalloc.cc(1395): warning C4141: “inline”: 使用了多次
     1>C:\Users\LPW\Desktop\gperftools-master1\gperftools-master\src\tcmalloc.cc(1431): warning C4141: “inline”: 使用了多次
     1>C:\Users\LPW\Desktop\gperftools-master1\gperftools-master\src\tcmalloc.cc(1500): warning C4141: “inline”: 使用了多次
     1>C:\Users\LPW\Desktop\gperftools-master1\gperftools-master\src\tcmalloc.cc(1535): warning C4141: “inline”: 使用了多次
     1>C:\Users\LPW\Desktop\gperftools-master1\gperftools-master\src\tcmalloc.cc(1582): warning C4141: “inline”: 使用了多次
     1>C:\Users\LPW\Desktop\gperftools-master1\gperftools-master\src\tcmalloc.cc(1587): warning C4141: “inline”: 使用了多次
     1>C:\Users\LPW\Desktop\gperftools-master1\gperftools-master\src\tcmalloc.cc(1768): warning C4141: “inline”: 使用了多次
     1>C:\Users\LPW\Desktop\gperftools-master1\gperftools-master\src\tcmalloc.cc(1791): warning C4141: “inline”: 使用了多次
     1>C:\Users\LPW\Desktop\gperftools-master1\gperftools-master\src\tcmalloc.cc(1844): warning C4141: “inline”: 使用了多次
     1>C:\Users\LPW\Desktop\gperftools-master1\gperftools-master\src\tcmalloc.cc(1871): warning C4141: “inline”: 使用了多次
     1>C:\Users\LPW\Desktop\gperftools-master1\gperftools-master\src\tcmalloc.cc(1895): warning C4141: “inline”: 使用了多次
         thread_cache.cc
     1>c:\users\lpw\desktop\gperftools-master1\gperftools-master\src\stack_trace_table.h(80): warning C4251: “tcmalloc::StackTraceTable::allocator_”: class“tcmalloc::STLPageHeapAllocator<tcmalloc::StackTraceTable::Entry,void>”需要有 dll 接口由 class“tcmalloc::StackTraceTable”的客户端使用
         static_vars.cc
     1>c:\users\lpw\desktop\gperftools-master1\gperftools-master\src\stack_trace_table.h(80): warning C4251: “tcmalloc::StackTraceTable::allocator_”: class“tcmalloc::STLPageHeapAllocator<tcmalloc::StackTraceTable::Entry,void>”需要有 dll 接口由 class“tcmalloc::StackTraceTable”的客户端使用
         sampler.cc
     1>c:\users\lpw\desktop\gperftools-master1\gperftools-master\src\stack_trace_table.h(80): warning C4251: “tcmalloc::StackTraceTable::allocator_”: class“tcmalloc::STLPageHeapAllocator<tcmalloc::StackTraceTable::Entry,void>”需要有 dll 接口由 class“tcmalloc::StackTraceTable”的客户端使用
     1>D:\Microsoft Visual Studio 12.0\VC\include\algorithm(4141): warning C4305: “参数”: 从“ssize_t”到“const double”截断
         正在生成代码...
       Link:
         D:\Microsoft Visual Studio 12.0\VC\bin\amd64\link.exe /ERRORREPORT:PROMPT /OUT:"C:\Users\LPW\Desktop\gperftools-master1\gperftools-master\x64\Debug\libtcmalloc_minimal.dll" /INCREMENTAL /NOLOGO /LIBPATH:"D:\Program Files (x86)\Visual Leak Detector\lib\Win64" kernel32.lib user32.lib gdi32.lib winspool.lib comdlg32.lib advapi32.lib shell32.lib ole32.lib oleaut32.lib uuid.lib odbc32.lib odbccp32.lib /MANIFEST /MANIFESTUAC:"level='asInvoker' uiAccess='false'" /manifest:embed /PDB:"C:\Users\LPW\Desktop\gperftools-master1\gperftools-master\x64\Debug\libtcmalloc_minimal.pdb" /SUBSYSTEM:WINDOWS /TLBID:1 /DYNAMICBASE /NXCOMPAT /IMPLIB:"C:\Users\LPW\Desktop\gperftools-master1\gperftools-master\x64\Debug\libtcmalloc_minimal.lib" /MACHINE:X64 /DLL x64\Debug\dynamic_annotations.obj
         x64\Debug\logging.obj
         x64\Debug\low_level_alloc.obj
         x64\Debug\spinlock.obj
         x64\Debug\spinlock_internal.obj
         x64\Debug\sysinfo.obj
         x64\Debug\central_freelist.obj
         x64\Debug\common.obj
         x64\Debug\fake_stacktrace_scope.obj
         "x64\Debug\heap-profile-table.obj"
         x64\Debug\internal_logging.obj
         x64\Debug\malloc_extension.obj
         x64\Debug\malloc_hook.obj
         x64\Debug\memory_region_map.obj
         x64\Debug\page_heap.obj
         x64\Debug\raw_printer.obj
         x64\Debug\sampler.obj
         x64\Debug\span.obj
         x64\Debug\stacktrace.obj
         x64\Debug\stack_trace_table.obj
         x64\Debug\static_vars.obj
         x64\Debug\symbolize.obj
         x64\Debug\thread_cache.obj
         x64\Debug\ia32_modrm_map.obj
         x64\Debug\ia32_opcode_map.obj
         x64\Debug\mini_disassembler.obj
         x64\Debug\patch_functions.obj
         x64\Debug\port.obj
         x64\Debug\preamble_patcher.obj
         x64\Debug\preamble_patcher_with_stub.obj
         "x64\Debug\system-alloc.obj"
            正在创建库 C:\Users\LPW\Desktop\gperftools-master1\gperftools-master\x64\Debug\libtcmalloc_minimal.lib 和对象 C:\Users\LPW\Desktop\gperftools-master1\gperftools-master\x64\Debug\libtcmalloc_minimal.exp
         libtcmalloc_minimal.vcxproj -> C:\Users\LPW\Desktop\gperftools-master1\gperftools-master\x64\Debug\libtcmalloc_minimal.dll
       FinalizeBuildStatus:
         正在删除文件“x64\Debug\libtcmal.55E2B3AE.tlog\unsuccessfulbuild”。
         正在对“x64\Debug\libtcmal.55E2B3AE.tlog\libtcmalloc_minimal.lastbuildstate”执行 Touch 任务。
     1>已完成生成项目“C:\Users\LPW\Desktop\gperftools-master1\gperftools-master\vsprojects\libtcmalloc_minimal\libtcmalloc_minimal.vcxproj”(Build 个目标)的操作。

生成成功。

已用时间 00:00:05.14
