生成启动时间为 2020/6/22 16:52:29。
     1>项目“F:\gperftools-master1\gperftools-master\vsprojects\addr2line-pdb\addr2line-pdb.vcxproj”在节点 4 上(Build 个目标)。
     1>PrepareForBuild:
         正在创建目录“x64\Release-Patch\addr2line-pdb.tlog\”。
       InitializeBuildStatus:
         正在创建“x64\Release-Patch\addr2line-pdb.tlog\unsuccessfulbuild”，因为已指定“AlwaysCreate”。
       ClCompile:
         D:\Microsoft Visual Studio 12.0\VC\bin\amd64\CL.exe /c /I"D:\Program Files (x86)\Visual Leak Detector\include" /Zi /nologo /W3 /WX- /O2 /GL /D NDEBUG /D _UNICODE /D UNICODE /Gm- /EHsc /MD /GS- /fp:precise /Zc:wchar_t /Zc:forScope /Fo"x64\Release-Patch\\" /Fd"x64\Release-Patch\vc120.pdb" /Gd /TC /errorReport:prompt "..\..\src\windows\addr2line-pdb.c"
         addr2line-pdb.c
       Link:
         D:\Microsoft Visual Studio 12.0\VC\bin\amd64\link.exe /ERRORREPORT:PROMPT /OUT:"F:\gperftools-master1\gperftools-master\x64\Release-Patch\addr2line-pdb.exe" /NOLOGO /LIBPATH:"D:\Program Files (x86)\Visual Leak Detector\lib\Win64" dbghelp.lib kernel32.lib user32.lib gdi32.lib winspool.lib comdlg32.lib advapi32.lib shell32.lib ole32.lib oleaut32.lib uuid.lib odbc32.lib odbccp32.lib /MANIFEST /MANIFESTUAC:"level='asInvoker' uiAccess='false'" /manifest:embed /PDB:"F:\gperftools-master1\gperftools-master\x64\Release-Patch\addr2line-pdb.pdb" /SUBSYSTEM:CONSOLE /OPT:REF /OPT:ICF /LTCG /TLBID:1 /DYNAMICBASE /NXCOMPAT /IMPLIB:"F:\gperftools-master1\gperftools-master\x64\Release-Patch\addr2line-pdb.lib" /MACHINE:X64 "x64\Release-Patch\addr2line-pdb.obj"
         正在生成代码
         已完成代码的生成
         addr2line-pdb.vcxproj -> F:\gperftools-master1\gperftools-master\x64\Release-Patch\addr2line-pdb.exe
       FinalizeBuildStatus:
         正在删除文件“x64\Release-Patch\addr2line-pdb.tlog\unsuccessfulbuild”。
         正在对“x64\Release-Patch\addr2line-pdb.tlog\addr2line-pdb.lastbuildstate”执行 Touch 任务。
     1>已完成生成项目“F:\gperftools-master1\gperftools-master\vsprojects\addr2line-pdb\addr2line-pdb.vcxproj”(Build 个目标)的操作。

生成成功。

已用时间 00:00:05.17
