生成启动时间为 2020/6/22 16:56:56。
     1>项目“F:\gperftools-master1\gperftools-master\vsprojects\libtcmalloc_minimal\libtcmalloc_minimal.vcxproj”在节点 2 上(Build 个目标)。
     1>InitializeBuildStatus:
         正在对“x64\Release-Patch\libtcmal.55E2B3AE.tlog\unsuccessfulbuild”执行 Touch 任务。
       ClCompile:
         D:\Microsoft Visual Studio 12.0\VC\bin\amd64\CL.exe /c /I"D:\Program Files (x86)\Visual Leak Detector\include" /Zi /nologo /W3 /WX- /MP /O2 /GL /D NDEBUG /D _WINDLL /D _UNICODE /D UNICODE /Gm- /EHsc /MD /GS- /fp:precise /Zc:wchar_t /Zc:forScope /Fo"x64\Release-Patch\\" /Fd"x64\Release-Patch\vc120.pdb" /Gd /TC /errorReport:prompt ..\..\src\base\dynamic_annotations.c
         dynamic_annotations.c
         D:\Microsoft Visual Studio 12.0\VC\bin\amd64\CL.exe /c /I"D:\Program Files (x86)\Visual Leak Detector\include" /Zi /nologo /W3 /WX- /MP /O2 /GL /D NDEBUG /D _WINDLL /D _UNICODE /D UNICODE /Gm- /EHsc /MD /GS- /fp:precise /Zc:wchar_t /Zc:forScope /Fo"x64\Release-Patch\\" /Fd"x64\Release-Patch\vc120.pdb" /Gd /TP /errorReport:prompt ..\..\src\base\logging.cc ..\..\src\base\low_level_alloc.cc ..\..\src\base\spinlock.cc ..\..\src\base\spinlock_internal.cc ..\..\src\base\sysinfo.cc ..\..\src\central_freelist.cc ..\..\src\common.cc ..\..\src\fake_stacktrace_scope.cc "..\..\src\heap-profile-table.cc" ..\..\src\internal_logging.cc ..\..\src\malloc_extension.cc ..\..\src\malloc_hook.cc ..\..\src\memory_region_map.cc ..\..\src\page_heap.cc ..\..\src\raw_printer.cc ..\..\src\sampler.cc ..\..\src\span.cc ..\..\src\stacktrace.cc ..\..\src\stack_trace_table.cc ..\..\src\static_vars.cc ..\..\src\symbolize.cc ..\..\src\thread_cache.cc ..\..\src\windows\ia32_modrm_map.cc ..\..\src\windows\ia32_opcode_map.cc ..\..\src\windows\mini_disassembler.cc ..\..\src\windows\patch_functions.cc ..\..\src\windows\port.cc ..\..\src\windows\preamble_patcher.cc ..\..\src\windows\preamble_patcher_with_stub.cc "..\..\src\windows\system-alloc.cc"
         logging.cc
         low_level_alloc.cc
         spinlock.cc
         spinlock_internal.cc
         sysinfo.cc
         central_freelist.cc
         common.cc
         fake_stacktrace_scope.cc
     1>f:\gperftools-master1\gperftools-master\src\stack_trace_table.h(80): warning C4251: “tcmalloc::StackTraceTable::allocator_”: class“tcmalloc::STLPageHeapAllocator<tcmalloc::StackTraceTable::Entry,void>”需要有 dll 接口由 class“tcmalloc::StackTraceTable”的客户端使用  (..\..\src\central_freelist.cc)
         heap-profile-table.cc
         internal_logging.cc
         malloc_extension.cc
         malloc_hook.cc
         memory_region_map.cc
         page_heap.cc
     1>f:\gperftools-master1\gperftools-master\src\heap-profile-table.h(206): warning C4800: “const uintptr_t”: 将值强制为布尔值“true”或“false”(性能警告) (..\..\src\heap-profile-table.cc)
     1>f:\gperftools-master1\gperftools-master\src\stack_trace_table.h(80): warning C4251: “tcmalloc::StackTraceTable::allocator_”: class“tcmalloc::STLPageHeapAllocator<tcmalloc::StackTraceTable::Entry,void>”需要有 dll 接口由 class“tcmalloc::StackTraceTable”的客户端使用  (..\..\src\page_heap.cc)
         raw_printer.cc
         sampler.cc
         span.cc
         stacktrace.cc
         stack_trace_table.cc
         static_vars.cc
     1>f:\gperftools-master1\gperftools-master\src\stack_trace_table.h(80): warning C4251: “tcmalloc::StackTraceTable::allocator_”: class“tcmalloc::STLPageHeapAllocator<tcmalloc::StackTraceTable::Entry,void>”需要有 dll 接口由 class“tcmalloc::StackTraceTable”的客户端使用  (..\..\src\stack_trace_table.cc)
     1>f:\gperftools-master1\gperftools-master\src\stack_trace_table.h(80): warning C4251: “tcmalloc::StackTraceTable::allocator_”: class“tcmalloc::STLPageHeapAllocator<tcmalloc::StackTraceTable::Entry,void>”需要有 dll 接口由 class“tcmalloc::StackTraceTable”的客户端使用  (..\..\src\sampler.cc)
     1>D:\Microsoft Visual Studio 12.0\VC\include\algorithm(4141): warning C4305: “参数”: 从“ssize_t”到“const double”截断 (..\..\src\sampler.cc)
         symbolize.cc
     1>f:\gperftools-master1\gperftools-master\src\stack_trace_table.h(80): warning C4251: “tcmalloc::StackTraceTable::allocator_”: class“tcmalloc::STLPageHeapAllocator<tcmalloc::StackTraceTable::Entry,void>”需要有 dll 接口由 class“tcmalloc::StackTraceTable”的客户端使用  (..\..\src\span.cc)
         thread_cache.cc
     1>f:\gperftools-master1\gperftools-master\src\stack_trace_table.h(80): warning C4251: “tcmalloc::StackTraceTable::allocator_”: class“tcmalloc::STLPageHeapAllocator<tcmalloc::StackTraceTable::Entry,void>”需要有 dll 接口由 class“tcmalloc::StackTraceTable”的客户端使用  (..\..\src\static_vars.cc)
         ia32_modrm_map.cc
         ia32_opcode_map.cc
         mini_disassembler.cc
         patch_functions.cc
     1>f:\gperftools-master1\gperftools-master\src\stack_trace_table.h(80): warning C4251: “tcmalloc::StackTraceTable::allocator_”: class“tcmalloc::STLPageHeapAllocator<tcmalloc::StackTraceTable::Entry,void>”需要有 dll 接口由 class“tcmalloc::StackTraceTable”的客户端使用  (..\..\src\thread_cache.cc)
         port.cc
         preamble_patcher.cc
         preamble_patcher_with_stub.cc
         system-alloc.cc
     1>f:\gperftools-master1\gperftools-master\src\stack_trace_table.h(80): warning C4251: “tcmalloc::StackTraceTable::allocator_”: class“tcmalloc::STLPageHeapAllocator<tcmalloc::StackTraceTable::Entry,void>”需要有 dll 接口由 class“tcmalloc::StackTraceTable”的客户端使用  (..\..\src\windows\patch_functions.cc)
     1>F:\gperftools-master1\gperftools-master\src\tcmalloc.cc(1356): warning C4141: “inline”: 使用了多次 (..\..\src\windows\patch_functions.cc)
     1>F:\gperftools-master1\gperftools-master\src\tcmalloc.cc(1386): warning C4141: “inline”: 使用了多次 (..\..\src\windows\patch_functions.cc)
     1>F:\gperftools-master1\gperftools-master\src\tcmalloc.cc(1395): warning C4141: “inline”: 使用了多次 (..\..\src\windows\patch_functions.cc)
     1>F:\gperftools-master1\gperftools-master\src\tcmalloc.cc(1431): warning C4141: “inline”: 使用了多次 (..\..\src\windows\patch_functions.cc)
     1>F:\gperftools-master1\gperftools-master\src\tcmalloc.cc(1500): warning C4141: “inline”: 使用了多次 (..\..\src\windows\patch_functions.cc)
     1>F:\gperftools-master1\gperftools-master\src\tcmalloc.cc(1535): warning C4141: “inline”: 使用了多次 (..\..\src\windows\patch_functions.cc)
     1>F:\gperftools-master1\gperftools-master\src\tcmalloc.cc(1582): warning C4141: “inline”: 使用了多次 (..\..\src\windows\patch_functions.cc)
     1>F:\gperftools-master1\gperftools-master\src\tcmalloc.cc(1587): warning C4141: “inline”: 使用了多次 (..\..\src\windows\patch_functions.cc)
     1>F:\gperftools-master1\gperftools-master\src\tcmalloc.cc(1768): warning C4141: “inline”: 使用了多次 (..\..\src\windows\patch_functions.cc)
     1>F:\gperftools-master1\gperftools-master\src\tcmalloc.cc(1791): warning C4141: “inline”: 使用了多次 (..\..\src\windows\patch_functions.cc)
     1>F:\gperftools-master1\gperftools-master\src\tcmalloc.cc(1844): warning C4141: “inline”: 使用了多次 (..\..\src\windows\patch_functions.cc)
     1>F:\gperftools-master1\gperftools-master\src\tcmalloc.cc(1871): warning C4141: “inline”: 使用了多次 (..\..\src\windows\patch_functions.cc)
     1>F:\gperftools-master1\gperftools-master\src\tcmalloc.cc(1895): warning C4141: “inline”: 使用了多次 (..\..\src\windows\patch_functions.cc)
       Link:
         D:\Microsoft Visual Studio 12.0\VC\bin\amd64\link.exe /ERRORREPORT:PROMPT /OUT:"F:\gperftools-master1\gperftools-master\x64\Release-Patch\libtcmalloc_minimal.dll" /NOLOGO /LIBPATH:"D:\Program Files (x86)\Visual Leak Detector\lib\Win64" kernel32.lib user32.lib gdi32.lib winspool.lib comdlg32.lib advapi32.lib shell32.lib ole32.lib oleaut32.lib uuid.lib odbc32.lib odbccp32.lib /MANIFEST /MANIFESTUAC:"level='asInvoker' uiAccess='false'" /manifest:embed /PDB:"F:\gperftools-master1\gperftools-master\x64\Release-Patch\libtcmalloc_minimal.pdb" /SUBSYSTEM:WINDOWS /OPT:REF /OPT:ICF /LTCG /TLBID:1 /DYNAMICBASE /NXCOMPAT /IMPLIB:"F:\gperftools-master1\gperftools-master\x64\Release-Patch\libtcmalloc_minimal.lib" /MACHINE:X64 /DLL "x64\Release-Patch\dynamic_annotations.obj"
         "x64\Release-Patch\logging.obj"
         "x64\Release-Patch\low_level_alloc.obj"
         "x64\Release-Patch\spinlock.obj"
         "x64\Release-Patch\spinlock_internal.obj"
         "x64\Release-Patch\sysinfo.obj"
         "x64\Release-Patch\central_freelist.obj"
         "x64\Release-Patch\common.obj"
         "x64\Release-Patch\fake_stacktrace_scope.obj"
         "x64\Release-Patch\heap-profile-table.obj"
         "x64\Release-Patch\internal_logging.obj"
         "x64\Release-Patch\malloc_extension.obj"
         "x64\Release-Patch\malloc_hook.obj"
         "x64\Release-Patch\memory_region_map.obj"
         "x64\Release-Patch\page_heap.obj"
         "x64\Release-Patch\raw_printer.obj"
         "x64\Release-Patch\sampler.obj"
         "x64\Release-Patch\span.obj"
         "x64\Release-Patch\stacktrace.obj"
         "x64\Release-Patch\stack_trace_table.obj"
         "x64\Release-Patch\static_vars.obj"
         "x64\Release-Patch\symbolize.obj"
         "x64\Release-Patch\thread_cache.obj"
         "x64\Release-Patch\ia32_modrm_map.obj"
         "x64\Release-Patch\ia32_opcode_map.obj"
         "x64\Release-Patch\mini_disassembler.obj"
         "x64\Release-Patch\patch_functions.obj"
         "x64\Release-Patch\port.obj"
         "x64\Release-Patch\preamble_patcher.obj"
         "x64\Release-Patch\preamble_patcher_with_stub.obj"
         "x64\Release-Patch\system-alloc.obj"
            正在创建库 F:\gperftools-master1\gperftools-master\x64\Release-Patch\libtcmalloc_minimal.lib 和对象 F:\gperftools-master1\gperftools-master\x64\Release-Patch\libtcmalloc_minimal.exp
         正在生成代码
         已完成代码的生成
         libtcmalloc_minimal.vcxproj -> F:\gperftools-master1\gperftools-master\x64\Release-Patch\libtcmalloc_minimal.dll
       FinalizeBuildStatus:
         正在删除文件“x64\Release-Patch\libtcmal.55E2B3AE.tlog\unsuccessfulbuild”。
         正在对“x64\Release-Patch\libtcmal.55E2B3AE.tlog\libtcmalloc_minimal.lastbuildstate”执行 Touch 任务。
     1>已完成生成项目“F:\gperftools-master1\gperftools-master\vsprojects\libtcmalloc_minimal\libtcmalloc_minimal.vcxproj”(Build 个目标)的操作。

生成成功。

已用时间 00:00:09.63
